This file contains any messages produced by compilers while
running configure, to aid debugging if configure makes a mistake.

It was created by configure, which was
generated by GNU Autoconf 2.61.  Invocation command line was

  $ ./configure 

## --------- ##
## Platform. ##
## --------- ##

hostname = Annika-2.local
uname -m = i386
uname -r = 10.7.0
uname -s = Darwin
uname -v = Darwin Kernel Version 10.7.0: Sat Jan 29 15:17:16 PST 2011; root:xnu-1504.9.37~1/RELEASE_I386

/usr/bin/uname -p = i386
/bin/uname -X     = unknown

/bin/arch              = unknown
/usr/bin/arch -k       = unknown
/usr/convex/getsysinfo = unknown
/usr/bin/hostinfo      = Mach kernel version:
	 Darwin Kernel Version 10.7.0: Sat Jan 29 15:17:16 PST 2011; root:xnu-1504.9.37~1/RELEASE_I386
Kernel configured for up to 4 processors.
2 processors are physically available.
4 processors are logically available.
Processor type: i486 (Intel 80486)
Processors active: 0 1 2 3
Primary memory available: 8.00 gigabytes
Default processor set: 91 tasks, 373 threads, 4 processors
Load average: 0.73, Mach factor: 3.26
/bin/machine           = unknown
/usr/bin/oslevel       = unknown
/bin/universe          = unknown

PATH: /Users/matt/dev/Qt3.3.8/bin
PATH: .
PATH: /Users/matt/bin
PATH: /usr/bin
PATH: /bin
PATH: /usr/sbin
PATH: /sbin
PATH: /usr/local/bin
PATH: /usr/texbin
PATH: /usr/X11/bin
PATH: /usr/local/bin/
PATH: /usr/local/mysql/bin
PATH: /opt/subversion/bin
PATH: /opt/local/bin
PATH: /sw/bin
PATH: /usr/local/crossgcc/bin
PATH: /usr/local/i386-mingw32-4.3.0
PATH: /usr/brlcad/rel-7.15.2/bin
PATH: /usr/local/crossgcc/bin
PATH: /Users/matt/dev/android-sdk-mac_x86/tools
PATH: /Users/matt/dev/android-ndk-r5b/build/tools
PATH: /usr/local/bin


## ----------- ##
## Core tests. ##
## ----------- ##

configure:2230: checking for gcc
configure:2246: found /usr/bin/gcc
configure:2257: result: gcc
configure:2495: checking for C compiler version
configure:2502: gcc --version >&5
i686-apple-darwin10-gcc-4.2.1 (GCC) 4.2.1 (Apple Inc. build 5666) (dot 3)
Copyright (C) 2007 Free Software Foundation, Inc.
This is free software; see the source for copying conditions.  There is NO
warranty; not even for MERCHANTABILITY or FITNESS FOR A PARTICULAR PURPOSE.

configure:2505: $? = 0
configure:2512: gcc -v >&5
Using built-in specs.
Target: i686-apple-darwin10
Configured with: /var/tmp/gcc/gcc-5666.3~123/src/configure --disable-checking --enable-werror --prefix=/usr --mandir=/share/man --enable-languages=c,objc,c++,obj-c++ --program-transform-name=/^[cg][^.-]*$/s/$/-4.2/ --with-slibdir=/usr/lib --build=i686-apple-darwin10 --program-prefix=i686-apple-darwin10- --host=x86_64-apple-darwin10 --target=i686-apple-darwin10 --with-gxx-include-dir=/include/c++/4.2.1
Thread model: posix
gcc version 4.2.1 (Apple Inc. build 5666) (dot 3)
configure:2515: $? = 0
configure:2522: gcc -V >&5
gcc-4.2: argument to `-V' is missing
configure:2525: $? = 1
configure:2548: checking for C compiler default output file name
configure:2575: gcc    conftest.c  >&5
configure:2578: $? = 0
configure:2616: result: a.out
configure:2633: checking whether the C compiler works
configure:2643: ./a.out
configure:2646: $? = 0
configure:2663: result: yes
configure:2670: checking whether we are cross compiling
configure:2672: result: no
configure:2675: checking for suffix of executables
configure:2682: gcc -o conftest    conftest.c  >&5
configure:2685: $? = 0
configure:2709: result: 
configure:2715: checking for suffix of object files
configure:2741: gcc -c   conftest.c >&5
configure:2744: $? = 0
configure:2767: result: o
configure:2771: checking whether we are using the GNU C compiler
configure:2800: gcc -c   conftest.c >&5
configure:2806: $? = 0
configure:2823: result: yes
configure:2828: checking whether gcc accepts -g
configure:2858: gcc -c -g  conftest.c >&5
configure:2864: $? = 0
configure:2963: result: yes
configure:2980: checking for gcc option to accept ISO C89
configure:3054: gcc  -c   conftest.c >&5
configure:3060: $? = 0
configure:3083: result: none needed
configure:3159: checking for g++
configure:3175: found /usr/bin/g++
configure:3186: result: g++
configure:3217: checking for C++ compiler version
configure:3224: g++ --version >&5
i686-apple-darwin10-g++-4.2.1 (GCC) 4.2.1 (Apple Inc. build 5666) (dot 3)
Copyright (C) 2007 Free Software Foundation, Inc.
This is free software; see the source for copying conditions.  There is NO
warranty; not even for MERCHANTABILITY or FITNESS FOR A PARTICULAR PURPOSE.

configure:3227: $? = 0
configure:3234: g++ -v >&5
Using built-in specs.
Target: i686-apple-darwin10
Configured with: /var/tmp/gcc/gcc-5666.3~123/src/configure --disable-checking --enable-werror --prefix=/usr --mandir=/share/man --enable-languages=c,objc,c++,obj-c++ --program-transform-name=/^[cg][^.-]*$/s/$/-4.2/ --with-slibdir=/usr/lib --build=i686-apple-darwin10 --program-prefix=i686-apple-darwin10- --host=x86_64-apple-darwin10 --target=i686-apple-darwin10 --with-gxx-include-dir=/include/c++/4.2.1
Thread model: posix
gcc version 4.2.1 (Apple Inc. build 5666) (dot 3)
configure:3237: $? = 0
configure:3244: g++ -V >&5
g++-4.2: argument to `-V' is missing
configure:3247: $? = 1
configure:3250: checking whether we are using the GNU C++ compiler
configure:3279: g++ -c   conftest.cpp >&5
configure:3285: $? = 0
configure:3302: result: yes
configure:3307: checking whether g++ accepts -g
configure:3337: g++ -c -g  conftest.cpp >&5
configure:3343: $? = 0
configure:3442: result: yes
configure:3509: checking for a BSD-compatible install
configure:3565: result: /usr/bin/install -c
configure:3587: checking for nroff
configure:3605: found /usr/bin/nroff
configure:3617: result: /usr/bin/nroff
configure:3675: checking for htmldoc
configure:3693: found /usr/bin/htmldoc
configure:3705: result: /usr/bin/htmldoc
configure:3715: checking for doxygen
configure:3733: found /usr/local/bin/doxygen
configure:3745: result: /usr/local/bin/doxygen
configure:3797: checking for ranlib
configure:3813: found /usr/bin/ranlib
configure:3824: result: ranlib
configure:3896: checking for ar
configure:3914: found /usr/bin/ar
configure:3926: result: /usr/bin/ar
configure:4013: checking for windres
configure:4046: result: no
configure:4946: checking for short
configure:4976: gcc -c   conftest.c >&5
configure:4982: $? = 0
configure:4997: result: yes
configure:5004: checking size of short
configure:5306: gcc -o conftest    conftest.c  >&5
configure:5309: $? = 0
configure:5315: ./conftest
configure:5318: $? = 0
configure:5341: result: 2
configure:5351: checking for int
configure:5381: gcc -c   conftest.c >&5
configure:5387: $? = 0
configure:5402: result: yes
configure:5409: checking size of int
configure:5711: gcc -o conftest    conftest.c  >&5
configure:5714: $? = 0
configure:5720: ./conftest
configure:5723: $? = 0
configure:5746: result: 4
configure:5756: checking for long
configure:5786: gcc -c   conftest.c >&5
configure:5792: $? = 0
configure:5807: result: yes
configure:5814: checking size of long
configure:6116: gcc -o conftest    conftest.c  >&5
configure:6119: $? = 0
configure:6125: ./conftest
configure:6128: $? = 0
configure:6151: result: 8
configure:6197: checking whether the compiler recognizes bool as a built-in type
configure:6238: g++ -c   conftest.cpp >&5
configure:6244: $? = 0
configure:6266: result: yes
configure:6281: checking for dirent.h that defines DIR
configure:6310: gcc -c   conftest.c >&5
configure:6316: $? = 0
configure:6332: result: yes
configure:6345: checking for library containing opendir
configure:6386: gcc -o conftest    conftest.c  >&5
configure:6392: $? = 0
configure:6420: result: none required
configure:6524: checking sys/select.h usability
configure:6541: gcc -c   conftest.c >&5
configure:6547: $? = 0
configure:6561: result: yes
configure:6565: checking sys/select.h presence
configure:6580:   conftest.c
./configure: line 6581: ./conftest.c: Permission denied
configure:6586: $? = 126
configure: failed program was:
| /* confdefs.h.  */
| #define PACKAGE_NAME ""
| #define PACKAGE_TARNAME ""
| #define PACKAGE_VERSION ""
| #define PACKAGE_STRING ""
| #define PACKAGE_BUGREPORT ""
| #define __APPLE_QUARTZ__ 1
| #define SIZEOF_SHORT 2
| #define SIZEOF_INT 4
| #define SIZEOF_LONG 8
| #define U16 unsigned short
| #define U32 unsigned
| #define HAVE_DIRENT_H 1
| /* end confdefs.h.  */
| #include <sys/select.h>
configure:6600: result: no
configure:6606: WARNING: sys/select.h: accepted by the compiler, rejected by the preprocessor!
configure:6608: WARNING: sys/select.h: proceeding with the compiler's result
configure:6628: checking for sys/select.h
configure:6635: result: yes
configure:6657: checking sys/stdtypes.h usability
configure:6674: gcc -c   conftest.c >&5
conftest.c:49:26: error: sys/stdtypes.h: No such file or directory
configure:6680: $? = 1
configure: failed program was:
| /* confdefs.h.  */
| #define PACKAGE_NAME ""
| #define PACKAGE_TARNAME ""
| #define PACKAGE_VERSION ""
| #define PACKAGE_STRING ""
| #define PACKAGE_BUGREPORT ""
| #define __APPLE_QUARTZ__ 1
| #define SIZEOF_SHORT 2
| #define SIZEOF_INT 4
| #define SIZEOF_LONG 8
| #define U16 unsigned short
| #define U32 unsigned
| #define HAVE_DIRENT_H 1
| #define HAVE_SYS_SELECT_H 1
| /* end confdefs.h.  */
| #include <stdio.h>
| #ifdef HAVE_SYS_TYPES_H
| # include <sys/types.h>
| #endif
| #ifdef HAVE_SYS_STAT_H
| # include <sys/stat.h>
| #endif
| #ifdef STDC_HEADERS
| # include <stdlib.h>
| # include <stddef.h>
| #else
| # ifdef HAVE_STDLIB_H
| #  include <stdlib.h>
| # endif
| #endif
| #ifdef HAVE_STRING_H
| # if !defined STDC_HEADERS && defined HAVE_MEMORY_H
| #  include <memory.h>
| # endif
| # include <string.h>
| #endif
| #ifdef HAVE_STRINGS_H
| # include <strings.h>
| #endif
| #ifdef HAVE_INTTYPES_H
| # include <inttypes.h>
| #endif
| #ifdef HAVE_STDINT_H
| # include <stdint.h>
| #endif
| #ifdef HAVE_UNISTD_H
| # include <unistd.h>
| #endif
| #include <sys/stdtypes.h>
configure:6694: result: no
configure:6698: checking sys/stdtypes.h presence
configure:6713:   conftest.c
./configure: line 6714: ./conftest.c: Permission denied
configure:6719: $? = 126
configure: failed program was:
| /* confdefs.h.  */
| #define PACKAGE_NAME ""
| #define PACKAGE_TARNAME ""
| #define PACKAGE_VERSION ""
| #define PACKAGE_STRING ""
| #define PACKAGE_BUGREPORT ""
| #define __APPLE_QUARTZ__ 1
| #define SIZEOF_SHORT 2
| #define SIZEOF_INT 4
| #define SIZEOF_LONG 8
| #define U16 unsigned short
| #define U32 unsigned
| #define HAVE_DIRENT_H 1
| #define HAVE_SYS_SELECT_H 1
| /* end confdefs.h.  */
| #include <sys/stdtypes.h>
configure:6733: result: no
configure:6761: checking for sys/stdtypes.h
configure:6768: result: no
configure:6781: checking whether we have the POSIX compatible scandir() prototype
configure:6821: g++ -c   conftest.cpp >&5
conftest.cpp: In function 'int func(const char*, dirent***, void*)':
conftest.cpp:19: error: invalid conversion from 'int (*)(const dirent**, const dirent**)' to 'int (*)(const void*, const void*)'
conftest.cpp:19: error:   initializing argument 4 of 'int scandir(const char*, dirent***, int (*)(dirent*), int (*)(const void*, const void*))'
configure:6827: $? = 1
configure: failed program was:
| /* confdefs.h.  */
| #define PACKAGE_NAME ""
| #define PACKAGE_TARNAME ""
| #define PACKAGE_VERSION ""
| #define PACKAGE_STRING ""
| #define PACKAGE_BUGREPORT ""
| #define __APPLE_QUARTZ__ 1
| #define SIZEOF_SHORT 2
| #define SIZEOF_INT 4
| #define SIZEOF_LONG 8
| #define U16 unsigned short
| #define U32 unsigned
| #define HAVE_DIRENT_H 1
| #define HAVE_SYS_SELECT_H 1
| /* end confdefs.h.  */
| 
| 	  #include <dirent.h>
| 	  int func (const char *d, dirent ***list, void *sort) {
| 	    int n = scandir(d, list, 0, (int(*)(const dirent **, const dirent **))sort);
| 	  }
| 
| int
| main ()
| {
| 
| 
|   ;
|   return 0;
| }
configure:6849: result: no
configure:6862: checking for scandir
configure:6918: gcc -o conftest    conftest.c  >&5
configure:6924: $? = 0
configure:6941: result: yes
configure:6957: checking for vsnprintf
configure:7013: gcc -o conftest    conftest.c  >&5
conftest.c:40: warning: conflicting types for built-in function 'vsnprintf'
configure:7019: $? = 0
configure:7036: result: yes
configure:7074: checking for snprintf
configure:7130: gcc -o conftest    conftest.c  >&5
conftest.c:41: warning: conflicting types for built-in function 'snprintf'
configure:7136: $? = 0
configure:7153: result: yes
configure:7201: checking strings.h usability
configure:7218: gcc -c   conftest.c >&5
configure:7224: $? = 0
configure:7238: result: yes
configure:7242: checking strings.h presence
configure:7257:   conftest.c
./configure: line 7258: ./conftest.c: Permission denied
configure:7263: $? = 126
configure: failed program was:
| /* confdefs.h.  */
| #define PACKAGE_NAME ""
| #define PACKAGE_TARNAME ""
| #define PACKAGE_VERSION ""
| #define PACKAGE_STRING ""
| #define PACKAGE_BUGREPORT ""
| #define __APPLE_QUARTZ__ 1
| #define SIZEOF_SHORT 2
| #define SIZEOF_INT 4
| #define SIZEOF_LONG 8
| #define U16 unsigned short
| #define U32 unsigned
| #define HAVE_DIRENT_H 1
| #define HAVE_SYS_SELECT_H 1
| #define HAVE_SCANDIR 1
| #define HAVE_VSNPRINTF 1
| #define HAVE_SNPRINTF 1
| /* end confdefs.h.  */
| #include <strings.h>
configure:7277: result: no
configure:7283: WARNING: strings.h: accepted by the compiler, rejected by the preprocessor!
configure:7285: WARNING: strings.h: proceeding with the compiler's result
configure:7305: checking for strings.h
configure:7312: result: yes
configure:7330: checking for strcasecmp
configure:7386: gcc -o conftest    conftest.c  >&5
conftest.c:43: warning: conflicting types for built-in function 'strcasecmp'
configure:7392: $? = 0
configure:7410: result: yes
configure:7330: checking for strlcat
configure:7386: gcc -o conftest    conftest.c  >&5
configure:7392: $? = 0
configure:7410: result: yes
configure:7330: checking for strlcpy
configure:7386: gcc -o conftest    conftest.c  >&5
configure:7392: $? = 0
configure:7410: result: yes
configure:7431: checking locale.h usability
configure:7448: gcc -c   conftest.c >&5
configure:7454: $? = 0
configure:7468: result: yes
configure:7472: checking locale.h presence
configure:7487:   conftest.c
./configure: line 7488: ./conftest.c: Permission denied
configure:7493: $? = 126
configure: failed program was:
| /* confdefs.h.  */
| #define PACKAGE_NAME ""
| #define PACKAGE_TARNAME ""
| #define PACKAGE_VERSION ""
| #define PACKAGE_STRING ""
| #define PACKAGE_BUGREPORT ""
| #define __APPLE_QUARTZ__ 1
| #define SIZEOF_SHORT 2
| #define SIZEOF_INT 4
| #define SIZEOF_LONG 8
| #define U16 unsigned short
| #define U32 unsigned
| #define HAVE_DIRENT_H 1
| #define HAVE_SYS_SELECT_H 1
| #define HAVE_SCANDIR 1
| #define HAVE_VSNPRINTF 1
| #define HAVE_SNPRINTF 1
| #define HAVE_STRINGS_H 1
| #define HAVE_STRCASECMP 1
| #define HAVE_STRLCAT 1
| #define HAVE_STRLCPY 1
| /* end confdefs.h.  */
| #include <locale.h>
configure:7507: result: no
configure:7513: WARNING: locale.h: accepted by the compiler, rejected by the preprocessor!
configure:7515: WARNING: locale.h: proceeding with the compiler's result
configure:7535: checking for locale.h
configure:7542: result: yes
configure:7558: checking for localeconv
configure:7614: gcc -o conftest    conftest.c  >&5
configure:7620: $? = 0
configure:7638: result: yes
configure:7649: checking for library containing pow
configure:7690: gcc -o conftest    conftest.c  >&5
conftest.c:32: warning: conflicting types for built-in function 'pow'
configure:7696: $? = 0
configure:7724: result: none required
configure:7740: checking for special C compiler options needed for large files
configure:7833: result: no
configure:7839: checking for _FILE_OFFSET_BITS value needed for large files
configure:7874: gcc -c   conftest.c >&5
configure:7880: $? = 0
configure:7948: result: no
configure:8098: checking for long long int
configure:8149: result: yes
configure:8159: checking for strtoll
configure:8215: gcc -o conftest    conftest.c  >&5
configure:8221: $? = 0
configure:8238: result: yes
configure:8248: checking for library containing dlsym
configure:8289: gcc -o conftest    conftest.c  >&5
configure:8295: $? = 0
configure:8323: result: none required
configure:8344: checking dlfcn.h usability
configure:8361: gcc -c   conftest.c >&5
configure:8367: $? = 0
configure:8381: result: yes
configure:8385: checking dlfcn.h presence
configure:8400:   conftest.c
./configure: line 8401: ./conftest.c: Permission denied
configure:8406: $? = 126
configure: failed program was:
| /* confdefs.h.  */
| #define PACKAGE_NAME ""
| #define PACKAGE_TARNAME ""
| #define PACKAGE_VERSION ""
| #define PACKAGE_STRING ""
| #define PACKAGE_BUGREPORT ""
| #define __APPLE_QUARTZ__ 1
| #define SIZEOF_SHORT 2
| #define SIZEOF_INT 4
| #define SIZEOF_LONG 8
| #define U16 unsigned short
| #define U32 unsigned
| #define HAVE_DIRENT_H 1
| #define HAVE_SYS_SELECT_H 1
| #define HAVE_SCANDIR 1
| #define HAVE_VSNPRINTF 1
| #define HAVE_SNPRINTF 1
| #define HAVE_STRINGS_H 1
| #define HAVE_STRCASECMP 1
| #define HAVE_STRLCAT 1
| #define HAVE_STRLCPY 1
| #define HAVE_LOCALE_H 1
| #define HAVE_LOCALECONV 1
| #define HAVE_LONG_LONG 1
| #define HAVE_STRTOLL 1
| #define HAVE_DLSYM 1
| /* end confdefs.h.  */
| #include <dlfcn.h>
configure:8420: result: no
configure:8426: WARNING: dlfcn.h: accepted by the compiler, rejected by the preprocessor!
configure:8428: WARNING: dlfcn.h: proceeding with the compiler's result
configure:8448: checking for dlfcn.h
configure:8455: result: yes
configure:8638: checking for jpeg_CreateCompress in -ljpeg
configure:8673: gcc -o conftest    conftest.c -ljpeg   >&5
ld: library not found for -ljpeg
collect2: ld returned 1 exit status
configure:8679: $? = 1
configure: failed program was:
| /* confdefs.h.  */
| #define PACKAGE_NAME ""
| #define PACKAGE_TARNAME ""
| #define PACKAGE_VERSION ""
| #define PACKAGE_STRING ""
| #define PACKAGE_BUGREPORT ""
| #define __APPLE_QUARTZ__ 1
| #define SIZEOF_SHORT 2
| #define SIZEOF_INT 4
| #define SIZEOF_LONG 8
| #define U16 unsigned short
| #define U32 unsigned
| #define HAVE_DIRENT_H 1
| #define HAVE_SYS_SELECT_H 1
| #define HAVE_SCANDIR 1
| #define HAVE_VSNPRINTF 1
| #define HAVE_SNPRINTF 1
| #define HAVE_STRINGS_H 1
| #define HAVE_STRCASECMP 1
| #define HAVE_STRLCAT 1
| #define HAVE_STRLCPY 1
| #define HAVE_LOCALE_H 1
| #define HAVE_LOCALECONV 1
| #define HAVE_LONG_LONG 1
| #define HAVE_STRTOLL 1
| #define HAVE_DLSYM 1
| #define HAVE_DLFCN_H 1
| /* end confdefs.h.  */
| 
| /* Override any GCC internal prototype to avoid an error.
|    Use char because int might match the return type of a GCC
|    builtin and then its argument prototype would still apply.  */
| #ifdef __cplusplus
| extern "C"
| #endif
| char jpeg_CreateCompress ();
| int
| main ()
| {
| return jpeg_CreateCompress ();
|   ;
|   return 0;
| }
configure:8697: result: no
configure:8875: checking for gzgets in -lz
configure:8910: gcc -o conftest    conftest.c -lz   >&5
configure:8916: $? = 0
configure:8934: result: yes
configure:8947: checking zlib.h usability
configure:8964: gcc -c   conftest.c >&5
configure:8970: $? = 0
configure:8984: result: yes
configure:8988: checking zlib.h presence
configure:9003:   conftest.c
./configure: line 9004: ./conftest.c: Permission denied
configure:9009: $? = 126
configure: failed program was:
| /* confdefs.h.  */
| #define PACKAGE_NAME ""
| #define PACKAGE_TARNAME ""
| #define PACKAGE_VERSION ""
| #define PACKAGE_STRING ""
| #define PACKAGE_BUGREPORT ""
| #define __APPLE_QUARTZ__ 1
| #define SIZEOF_SHORT 2
| #define SIZEOF_INT 4
| #define SIZEOF_LONG 8
| #define U16 unsigned short
| #define U32 unsigned
| #define HAVE_DIRENT_H 1
| #define HAVE_SYS_SELECT_H 1
| #define HAVE_SCANDIR 1
| #define HAVE_VSNPRINTF 1
| #define HAVE_SNPRINTF 1
| #define HAVE_STRINGS_H 1
| #define HAVE_STRCASECMP 1
| #define HAVE_STRLCAT 1
| #define HAVE_STRLCPY 1
| #define HAVE_LOCALE_H 1
| #define HAVE_LOCALECONV 1
| #define HAVE_LONG_LONG 1
| #define HAVE_STRTOLL 1
| #define HAVE_DLSYM 1
| #define HAVE_DLFCN_H 1
| #define HAVE_LIBJPEG 1
| /* end confdefs.h.  */
| #include <zlib.h>
configure:9023: result: no
configure:9029: WARNING: zlib.h: accepted by the compiler, rejected by the preprocessor!
configure:9031: WARNING: zlib.h: proceeding with the compiler's result
configure:9051: checking for zlib.h
configure:9058: result: yes
configure:9116: checking for png_read_info in -lpng
configure:9151: gcc -o conftest    conftest.c -lpng  -lz  >&5
ld: library not found for -lpng
collect2: ld returned 1 exit status
configure:9157: $? = 1
configure: failed program was:
| /* confdefs.h.  */
| #define PACKAGE_NAME ""
| #define PACKAGE_TARNAME ""
| #define PACKAGE_VERSION ""
| #define PACKAGE_STRING ""
| #define PACKAGE_BUGREPORT ""
| #define __APPLE_QUARTZ__ 1
| #define SIZEOF_SHORT 2
| #define SIZEOF_INT 4
| #define SIZEOF_LONG 8
| #define U16 unsigned short
| #define U32 unsigned
| #define HAVE_DIRENT_H 1
| #define HAVE_SYS_SELECT_H 1
| #define HAVE_SCANDIR 1
| #define HAVE_VSNPRINTF 1
| #define HAVE_SNPRINTF 1
| #define HAVE_STRINGS_H 1
| #define HAVE_STRCASECMP 1
| #define HAVE_STRLCAT 1
| #define HAVE_STRLCPY 1
| #define HAVE_LOCALE_H 1
| #define HAVE_LOCALECONV 1
| #define HAVE_LONG_LONG 1
| #define HAVE_STRTOLL 1
| #define HAVE_DLSYM 1
| #define HAVE_DLFCN_H 1
| #define HAVE_LIBJPEG 1
| #define HAVE_LIBZ 1
| /* end confdefs.h.  */
| 
| /* Override any GCC internal prototype to avoid an error.
|    Use char because int might match the return type of a GCC
|    builtin and then its argument prototype would still apply.  */
| #ifdef __cplusplus
| extern "C"
| #endif
| char png_read_info ();
| int
| main ()
| {
| return png_read_info ();
|   ;
|   return 0;
| }
configure:9175: result: no
configure:9666: checking pthread.h usability
configure:9683: gcc -c   conftest.c >&5
configure:9689: $? = 0
configure:9703: result: yes
configure:9707: checking pthread.h presence
configure:9722:   conftest.c
./configure: line 9723: ./conftest.c: Permission denied
configure:9728: $? = 126
configure: failed program was:
| /* confdefs.h.  */
| #define PACKAGE_NAME ""
| #define PACKAGE_TARNAME ""
| #define PACKAGE_VERSION ""
| #define PACKAGE_STRING ""
| #define PACKAGE_BUGREPORT ""
| #define __APPLE_QUARTZ__ 1
| #define SIZEOF_SHORT 2
| #define SIZEOF_INT 4
| #define SIZEOF_LONG 8
| #define U16 unsigned short
| #define U32 unsigned
| #define HAVE_DIRENT_H 1
| #define HAVE_SYS_SELECT_H 1
| #define HAVE_SCANDIR 1
| #define HAVE_VSNPRINTF 1
| #define HAVE_SNPRINTF 1
| #define HAVE_STRINGS_H 1
| #define HAVE_STRCASECMP 1
| #define HAVE_STRLCAT 1
| #define HAVE_STRLCPY 1
| #define HAVE_LOCALE_H 1
| #define HAVE_LOCALECONV 1
| #define HAVE_LONG_LONG 1
| #define HAVE_STRTOLL 1
| #define HAVE_DLSYM 1
| #define HAVE_DLFCN_H 1
| #define HAVE_LIBJPEG 1
| #define HAVE_LIBZ 1
| #define HAVE_LIBPNG 1
| #define HAVE_PNG_H 1
| #define HAVE_PNG_GET_VALID 1
| #define HAVE_PNG_SET_TRNS_TO_ALPHA 1
| /* end confdefs.h.  */
| #include <pthread.h>
configure:9742: result: no
configure:9748: WARNING: pthread.h: accepted by the compiler, rejected by the preprocessor!
configure:9750: WARNING: pthread.h: proceeding with the compiler's result
configure:9770: checking for pthread.h
configure:9777: result: yes
configure:9792: checking for pthread_create using -lpthreads
configure:9817: gcc -o conftest    conftest.c -lpthreads  >&5
ld: library not found for -lpthreads
collect2: ld returned 1 exit status
configure:9823: $? = 1
configure: failed program was:
| /* confdefs.h.  */
| #define PACKAGE_NAME ""
| #define PACKAGE_TARNAME ""
| #define PACKAGE_VERSION ""
| #define PACKAGE_STRING ""
| #define PACKAGE_BUGREPORT ""
| #define __APPLE_QUARTZ__ 1
| #define SIZEOF_SHORT 2
| #define SIZEOF_INT 4
| #define SIZEOF_LONG 8
| #define U16 unsigned short
| #define U32 unsigned
| #define HAVE_DIRENT_H 1
| #define HAVE_SYS_SELECT_H 1
| #define HAVE_SCANDIR 1
| #define HAVE_VSNPRINTF 1
| #define HAVE_SNPRINTF 1
| #define HAVE_STRINGS_H 1
| #define HAVE_STRCASECMP 1
| #define HAVE_STRLCAT 1
| #define HAVE_STRLCPY 1
| #define HAVE_LOCALE_H 1
| #define HAVE_LOCALECONV 1
| #define HAVE_LONG_LONG 1
| #define HAVE_STRTOLL 1
| #define HAVE_DLSYM 1
| #define HAVE_DLFCN_H 1
| #define HAVE_LIBJPEG 1
| #define HAVE_LIBZ 1
| #define HAVE_LIBPNG 1
| #define HAVE_PNG_H 1
| #define HAVE_PNG_GET_VALID 1
| #define HAVE_PNG_SET_TRNS_TO_ALPHA 1
| #define HAVE_PTHREAD_H 1
| /* end confdefs.h.  */
| #include <pthread.h>
| int
| main ()
| {
| pthread_create(0, 0, 0, 0);
|   ;
|   return 0;
| }
configure:9839: result: no
configure:9792: checking for pthread_create using -lpthread
configure:9817: gcc -o conftest    conftest.c -lpthread  >&5
configure:9823: $? = 0
configure:9839: result: yes
configure:12874: checking if GCC supports -fno-exceptions
configure:12899: gcc -c  -fno-exceptions  conftest.c >&5
configure:12905: $? = 0
configure:12911: result: yes
configure:12925: checking if GCC supports -fno-strict-aliasing
configure:12950: gcc -c  -fno-strict-aliasing  conftest.c >&5
configure:12956: $? = 0
configure:12962: result: yes
configure:13360: creating ./config.status

## ---------------------- ##
## Running config.status. ##
## ---------------------- ##

This file was extended by config.status, which was
generated by GNU Autoconf 2.61.  Invocation command line was

  CONFIG_FILES    = 
  CONFIG_HEADERS  = 
  CONFIG_LINKS    = 
  CONFIG_COMMANDS = 
  $ ./config.status 

on Annika-2.local

config.status:680: creating makeinclude
config.status:680: creating fltk.list
config.status:680: creating fltk-config
config.status:680: creating fltk.spec
config.status:680: creating FL/Makefile
config.status:680: creating config.h

## ---------------- ##
## Cache variables. ##
## ---------------- ##

ac_cv_c_compiler_gnu=yes
ac_cv_c_long_long=yes
ac_cv_cxx_bool=yes
ac_cv_cxx_compiler_gnu=yes
ac_cv_cxx_scandir_posix=no
ac_cv_env_CCC_set=
ac_cv_env_CCC_value=
ac_cv_env_CC_set=
ac_cv_env_CC_value=
ac_cv_env_CFLAGS_set=
ac_cv_env_CFLAGS_value=
ac_cv_env_CPPFLAGS_set=
ac_cv_env_CPPFLAGS_value=
ac_cv_env_CPP_set=
ac_cv_env_CPP_value=
ac_cv_env_CXXFLAGS_set=
ac_cv_env_CXXFLAGS_value=
ac_cv_env_CXX_set=
ac_cv_env_CXX_value=
ac_cv_env_LDFLAGS_set=
ac_cv_env_LDFLAGS_value=
ac_cv_env_LIBS_set=
ac_cv_env_LIBS_value=
ac_cv_env_XMKMF_set=
ac_cv_env_XMKMF_value=
ac_cv_env_build_alias_set=
ac_cv_env_build_alias_value=
ac_cv_env_host_alias_set=
ac_cv_env_host_alias_value=
ac_cv_env_target_alias_set=
ac_cv_env_target_alias_value=
ac_cv_func_localeconv=yes
ac_cv_func_scandir=yes
ac_cv_func_snprintf=yes
ac_cv_func_strcasecmp=yes
ac_cv_func_strlcat=yes
ac_cv_func_strlcpy=yes
ac_cv_func_strtoll=yes
ac_cv_func_vsnprintf=yes
ac_cv_header_dirent_dirent_h=yes
ac_cv_header_dlfcn_h=yes
ac_cv_header_locale_h=yes
ac_cv_header_pthread_h=yes
ac_cv_header_strings_h=yes
ac_cv_header_sys_select_h=yes
ac_cv_header_sys_stdtypes_h=no
ac_cv_header_zlib_h=yes
ac_cv_lib_jpeg_jpeg_CreateCompress=no
ac_cv_lib_png_png_read_info=no
ac_cv_lib_z_gzgets=yes
ac_cv_objext=o
ac_cv_path_DOXYDOC=/usr/local/bin/doxygen
ac_cv_path_HTMLDOC=/usr/bin/htmldoc
ac_cv_path_NROFF=/usr/bin/nroff
ac_cv_path_ac_pt_AR=/usr/bin/ar
ac_cv_path_install='/usr/bin/install -c'
ac_cv_prog_ac_ct_CC=gcc
ac_cv_prog_ac_ct_CXX=g++
ac_cv_prog_ac_ct_RANLIB=ranlib
ac_cv_prog_cc_c89=
ac_cv_prog_cc_g=yes
ac_cv_prog_cxx_g=yes
ac_cv_search_dlsym='none required'
ac_cv_search_opendir='none required'
ac_cv_search_pow='none required'
ac_cv_sizeof_int=4
ac_cv_sizeof_long=8
ac_cv_sizeof_short=2
ac_cv_sys_file_offset_bits=no
ac_cv_sys_largefile_CC=no
ac_cv_type_int=yes
ac_cv_type_long=yes
ac_cv_type_short=yes

## ----------------- ##
## Output variables. ##
## ----------------- ##

AR='/usr/bin/ar'
ARCHFLAGS=''
AUDIOLIBS='-framework CoreAudio'
CAIRODIR=''
CAIRODSONAME=''
CAIROFLAGS=''
CAIROLIBBASENAME='libfltk_cairo.a'
CAIROLIBNAME='../lib/libfltk_cairo.a'
CAIROLIBS=''
CAT1EXT='0'
CAT3EXT='0'
CAT6EXT='0'
CC='gcc'
CFLAGS=''
CPP=''
CPPFLAGS=''
CXX='g++'
CXXFLAGS=''
DEFS='-DHAVE_CONFIG_H'
DOXYDOC='/usr/local/bin/doxygen'
DSOCOMMAND='echo'
DSOFLAGS=''
DSOLINK=''
DSONAME=''
ECHO_C='ECHO_N=''
ECHO_T=''
EGREP=''
EXEEXT=''
FLDSONAME=''
FLLIBBASENAME='libfltk_forms.a'
FLLIBNAME='../lib/libfltk_forms.a'
FLTKCAIROOPTION=''
FLUID='fluid'
FL_API_VERSION='1.3'
FL_MAJOR_VERSION='1'
FL_MINOR_VERSION='3'
FL_PATCH_VERSION='0'
FTCONFIG=''
GLDEMOS='gldemos'
GLDSONAME=''
GLLIB='-framework AGL -framework OpenGL -framework ApplicationServices'
GLLIBBASENAME='libfltk_gl.a'
GLLIBNAME='../lib/libfltk_gl.a'
GREP=''
GROFF=''
HLINKS='#'
HTMLDOC='/usr/bin/htmldoc'
IMAGELIBS='-lfltk_png -lz -lfltk_jpeg '
IMGDSONAME=''
IMGLIBBASENAME='libfltk_images.a'
IMGLIBNAME='../lib/libfltk_images.a'
INSTALL_DATA='${INSTALL} -m 644'
INSTALL_DESKTOP='install-osx'
INSTALL_PROGRAM='${INSTALL}'
INSTALL_SCRIPT='${INSTALL}'
JPEG='jpeg'
JPEGINC='-I../jpeg'
LARGEFILE='-D_LARGEFILE_SOURCE -D_LARGEFILE64_SOURCE'
LDFLAGS=''
LIBBASENAME='libfltk.a'
LIBCOMMAND='/usr/bin/ar cr'
LIBEXT='.a'
LIBNAME='../lib/libfltk.a'
LIBOBJS=''
LIBS='-lpthread  -framework Cocoa'
LINKFLTK='../lib/libfltk.a'
LINKFLTKCAIRO=''
LINKFLTKFORMS='../lib/libfltk_forms.a'
LINKFLTKGL='../lib/libfltk_gl.a'
LINKFLTKIMG='../lib/libfltk_images.a'
LINKSHARED=' ../lib/libfltk_images.a ../lib/libfltk_forms.a ../lib/libfltk.a'
LTLIBOBJS=''
MAKEDEPEND='$(CXX) -M'
NROFF='/usr/bin/nroff'
OBJEXT='o'
OPTIM=' -Os -Wno-deprecated-declarations -Wall -Wunused -Wno-format-y2k  -fno-exceptions -fno-strict-aliasing'
OSX_ONLY=''
PACKAGE_BUGREPORT=''
PACKAGE_NAME=''
PACKAGE_STRING=''
PACKAGE_TARNAME=''
PACKAGE_VERSION=''
PATH_SEPARATOR=':'
PNG='png'
PNGINC='-I../png'
PTHREAD_FLAGS='-D_THREAD_SAFE -D_REENTRANT'
RANLIB='ranlib'
RC=''
SHAREDSUFFIX=''
SHELL='/bin/sh'
STATICIMAGELIBS='$libdir/libfltk_png.a -lz $libdir/libfltk_jpeg.a '
THREADS='threads'
UNINSTALL_DESKTOP='uninstall-osx'
USEMMFILES='Yes'
XMKMF=''
XPROP=''
X_CFLAGS=''
X_EXTRA_LIBS=''
X_LIBS=''
X_PRE_LIBS=''
ZLIB=''
ZLIBINC=''
ac_ct_CC='gcc'
ac_ct_CXX='g++'
bindir='${exec_prefix}/bin'
build_alias=''
datadir='${datarootdir}'
datarootdir='${prefix}/share'
docdir='${datarootdir}/doc/${PACKAGE}'
dvidir='${docdir}'
exec_prefix='${prefix}'
host_alias=''
htmldir='${docdir}'
includedir='${prefix}/include'
infodir='${datarootdir}/info'
libdir='${exec_prefix}/lib'
libexecdir='${exec_prefix}/libexec'
localedir='${datarootdir}/locale'
localstatedir='${prefix}/var'
mandir='${datarootdir}/man'
oldincludedir='/usr/include'
pdfdir='${docdir}'
prefix='/usr/local'
program_transform_name='s,x,x,'
psdir='${docdir}'
sbindir='${exec_prefix}/sbin'
sharedstatedir='${prefix}/com'
sysconfdir='${prefix}/etc'
target_alias=''

## ----------- ##
## confdefs.h. ##
## ----------- ##

#define PACKAGE_NAME ""
#define PACKAGE_TARNAME ""
#define PACKAGE_VERSION ""
#define PACKAGE_STRING ""
#define PACKAGE_BUGREPORT ""
#define __APPLE_QUARTZ__ 1
#define SIZEOF_SHORT 2
#define SIZEOF_INT 4
#define SIZEOF_LONG 8
#define U16 unsigned short
#define U32 unsigned
#define HAVE_DIRENT_H 1
#define HAVE_SYS_SELECT_H 1
#define HAVE_SCANDIR 1
#define HAVE_VSNPRINTF 1
#define HAVE_SNPRINTF 1
#define HAVE_STRINGS_H 1
#define HAVE_STRCASECMP 1
#define HAVE_STRLCAT 1
#define HAVE_STRLCPY 1
#define HAVE_LOCALE_H 1
#define HAVE_LOCALECONV 1
#define HAVE_LONG_LONG 1
#define HAVE_STRTOLL 1
#define HAVE_DLSYM 1
#define HAVE_DLFCN_H 1
#define HAVE_LIBJPEG 1
#define HAVE_LIBZ 1
#define HAVE_LIBPNG 1
#define HAVE_PNG_H 1
#define HAVE_PNG_GET_VALID 1
#define HAVE_PNG_SET_TRNS_TO_ALPHA 1
#define HAVE_PTHREAD_H 1
#define HAVE_PTHREAD 1
#define HAVE_PTHREAD 1
#define HAVE_GL 1
#define HAVE_GL_GLU_H 1
#define FLTK_DOCDIR "/usr/local/share/doc/fltk"
#define FLTK_DATADIR "/usr/local/share/fltk"

configure: exit 0
